The system is: Windows - 10.0.22610 - AMD64
Compiling the CXX compiler identification source file "CMakeCXXCompilerId.cpp" succeeded.
Compiler: C:/Program Files/Microsoft Visual Studio/2022/Professional/VC/Tools/MSVC/14.33.31629/bin/Hostx64/x64/cl.exe 
Build flags: 
Id flags:  

The output was:
0
Compilateur d'optimisation Microsoft (R) C/C++ version 19.33.31630 pour x64
Copyright (C) Microsoft Corporation. Tous droits réservés.

CMakeCXXCompilerId.cpp
Microsoft (R) Incremental Linker Version 14.33.31630.0
Copyright (C) Microsoft Corporation.  All rights reserved.

/out:CMakeCXXCompilerId.exe 
CMakeCXXCompilerId.obj 


Compilation of the CXX compiler identification source "CMakeCXXCompilerId.cpp" produced "CMakeCXXCompilerId.exe"

Compilation of the CXX compiler identification source "CMakeCXXCompilerId.cpp" produced "CMakeCXXCompilerId.obj"

The CXX compiler identification is MSVC, found in "C:/Users/quent/OneDrive/Documents/Licence_info/L3/INFO0504/TP-INFO0504/TP05/exemple_03/exemple_03/out/build/x64-Debug/CMakeFiles/3.23.22060601-MSVC_2/CompilerIdCXX/CMakeCXXCompilerId.exe"

Detecting CXX compiler ABI info compiled with the following output:
Change Dir: C:/Users/quent/OneDrive/Documents/Licence_info/L3/INFO0504/TP-INFO0504/TP05/exemple_03/exemple_03/out/build/x64-Debug/CMakeFiles/CMakeTmp

Run Build Command(s):C:/Program Files/Microsoft Visual Studio/2022/Professional/Common7/IDE/CommonExtensions/Microsoft/CMake/Ninja/ninja.exe cmTC_a16b7 && [1/2] Building CXX object CMakeFiles\cmTC_a16b7.dir\CMakeCXXCompilerABI.cpp.obj
[2/2] Linking CXX executable cmTC_a16b7.exe



Determining if the include file cstdio exists passed with the following output:
Change Dir: C:/Users/quent/OneDrive/Documents/Licence_info/L3/INFO0504/TP-INFO0504/TP05/exemple_03/exemple_03/out/build/x64-Debug/CMakeFiles/CMakeTmp

Run Build Command(s):C:/Program Files/Microsoft Visual Studio/2022/Professional/Common7/IDE/CommonExtensions/Microsoft/CMake/Ninja/ninja.exe cmTC_f0993 && [1/2] Building CXX object CMakeFiles\cmTC_f0993.dir\CheckIncludeFile.cxx.obj
[2/2] Linking CXX executable cmTC_f0993.exe



Determining if the include file cstdlib exists passed with the following output:
Change Dir: C:/Users/quent/OneDrive/Documents/Licence_info/L3/INFO0504/TP-INFO0504/TP05/exemple_03/exemple_03/out/build/x64-Debug/CMakeFiles/CMakeTmp

Run Build Command(s):C:/Program Files/Microsoft Visual Studio/2022/Professional/Common7/IDE/CommonExtensions/Microsoft/CMake/Ninja/ninja.exe cmTC_eaf43 && [1/2] Building CXX object CMakeFiles\cmTC_eaf43.dir\CheckIncludeFile.cxx.obj
[2/2] Linking CXX executable cmTC_eaf43.exe



Determining if the include file iostream exists passed with the following output:
Change Dir: C:/Users/quent/OneDrive/Documents/Licence_info/L3/INFO0504/TP-INFO0504/TP05/exemple_03/exemple_03/out/build/x64-Debug/CMakeFiles/CMakeTmp

Run Build Command(s):C:/Program Files/Microsoft Visual Studio/2022/Professional/Common7/IDE/CommonExtensions/Microsoft/CMake/Ninja/ninja.exe cmTC_94b4d && [1/2] Building CXX object CMakeFiles\cmTC_94b4d.dir\CheckIncludeFile.cxx.obj
[2/2] Linking CXX executable cmTC_94b4d.exe



